<?xml version="1.0" encoding="UTF-8"?>
<testsuite xmlns:xsi="http://www.w3.org/2001/XMLSchema-instance" xsi:noNamespaceSchemaLocation="https://maven.apache.org/surefire/maven-surefire-plugin/xsd/surefire-test-report.xsd" name="edu.Roma42.repositories.TilesRepositoryImplTest" time="0.08" tests="1" errors="0" skipped="0" failures="0">
  <properties>
    <property name="java.specification.version" value="20"/>
    <property name="sun.jnu.encoding" value="UTF-8"/>
    <property name="java.class.path" value="/home/gpanico/JavaPiscine/RUSH_00/Game/target/test-classes:/home/gpanico/JavaPiscine/RUSH_00/Game/target/classes:/home/gpanico/.m2/repository/junit/junit/4.11/junit-4.11.jar:/home/gpanico/.m2/repository/org/hamcrest/hamcrest-core/1.3/hamcrest-core-1.3.jar:/home/gpanico/.m2/repository/com/diogonunes/JColor/5.5.1/JColor-5.5.1.jar:/home/gpanico/.m2/repository/com/beust/jcommander/1.82/jcommander-1.82.jar:/home/gpanico/.m2/repository/org/junit/jupiter/junit-jupiter-api/5.10.0-RC2/junit-jupiter-api-5.10.0-RC2.jar:/home/gpanico/.m2/repository/org/opentest4j/opentest4j/1.3.0/opentest4j-1.3.0.jar:/home/gpanico/.m2/repository/org/junit/platform/junit-platform-commons/1.10.0-RC2/junit-platform-commons-1.10.0-RC2.jar:/home/gpanico/.m2/repository/org/apiguardian/apiguardian-api/1.1.2/apiguardian-api-1.1.2.jar:/home/gpanico/.m2/repository/org/junit/jupiter/junit-jupiter-engine/5.10.0-RC2/junit-jupiter-engine-5.10.0-RC2.jar:/home/gpanico/.m2/repository/org/junit/platform/junit-platform-engine/1.10.0-RC2/junit-platform-engine-1.10.0-RC2.jar:/home/gpanico/.m2/repository/org/junit/jupiter/junit-jupiter-params/5.10.0-RC2/junit-jupiter-params-5.10.0-RC2.jar:"/>
    <property name="java.vm.vendor" value="Private Build"/>
    <property name="sun.arch.data.model" value="64"/>
    <property name="java.vendor.url" value="Unknown"/>
    <property name="os.name" value="Linux"/>
    <property name="java.vm.specification.version" value="20"/>
    <property name="sun.java.launcher" value="SUN_STANDARD"/>
    <property name="user.country" value="US"/>
    <property name="sun.boot.library.path" value="/usr/lib/jvm/java-20-openjdk-amd64/lib"/>
    <property name="sun.java.command" value="/home/gpanico/JavaPiscine/RUSH_00/Game/target/surefire/surefirebooter5702784085752320277.jar /home/gpanico/JavaPiscine/RUSH_00/Game/target/surefire 2023-07-23T17-59-53_623-jvmRun1 surefire17916917342128385884tmp surefire_03295399756037115867tmp"/>
    <property name="jdk.debug" value="release"/>
    <property name="surefire.test.class.path" value="/home/gpanico/JavaPiscine/RUSH_00/Game/target/test-classes:/home/gpanico/JavaPiscine/RUSH_00/Game/target/classes:/home/gpanico/.m2/repository/junit/junit/4.11/junit-4.11.jar:/home/gpanico/.m2/repository/org/hamcrest/hamcrest-core/1.3/hamcrest-core-1.3.jar:/home/gpanico/.m2/repository/com/diogonunes/JColor/5.5.1/JColor-5.5.1.jar:/home/gpanico/.m2/repository/com/beust/jcommander/1.82/jcommander-1.82.jar:/home/gpanico/.m2/repository/org/junit/jupiter/junit-jupiter-api/5.10.0-RC2/junit-jupiter-api-5.10.0-RC2.jar:/home/gpanico/.m2/repository/org/opentest4j/opentest4j/1.3.0/opentest4j-1.3.0.jar:/home/gpanico/.m2/repository/org/junit/platform/junit-platform-commons/1.10.0-RC2/junit-platform-commons-1.10.0-RC2.jar:/home/gpanico/.m2/repository/org/apiguardian/apiguardian-api/1.1.2/apiguardian-api-1.1.2.jar:/home/gpanico/.m2/repository/org/junit/jupiter/junit-jupiter-engine/5.10.0-RC2/junit-jupiter-engine-5.10.0-RC2.jar:/home/gpanico/.m2/repository/org/junit/platform/junit-platform-engine/1.10.0-RC2/junit-platform-engine-1.10.0-RC2.jar:/home/gpanico/.m2/repository/org/junit/jupiter/junit-jupiter-params/5.10.0-RC2/junit-jupiter-params-5.10.0-RC2.jar:"/>
    <property name="sun.cpu.endian" value="little"/>
    <property name="user.home" value="/home/gpanico"/>
    <property name="user.language" value="en"/>
    <property name="java.specification.vendor" value="Oracle Corporation"/>
    <property name="java.version.date" value="2023-04-18"/>
    <property name="java.home" value="/usr/lib/jvm/java-20-openjdk-amd64"/>
    <property name="file.separator" value="/"/>
    <property name="basedir" value="/home/gpanico/JavaPiscine/RUSH_00/Game"/>
    <property name="java.vm.compressedOopsMode" value="32-bit"/>
    <property name="line.separator" value="&#10;"/>
    <property name="java.specification.name" value="Java Platform API Specification"/>
    <property name="java.vm.specification.vendor" value="Oracle Corporation"/>
    <property name="surefire.real.class.path" value="/home/gpanico/JavaPiscine/RUSH_00/Game/target/surefire/surefirebooter5702784085752320277.jar"/>
    <property name="sun.management.compiler" value="HotSpot 64-Bit Tiered Compilers"/>
    <property name="java.runtime.version" value="20.0.1+9-Ubuntu-0ubuntu122.10"/>
    <property name="user.name" value="gpanico"/>
    <property name="stdout.encoding" value="UTF-8"/>
    <property name="path.separator" value=":"/>
    <property name="os.version" value="5.19.0-38-generic"/>
    <property name="java.runtime.name" value="OpenJDK Runtime Environment"/>
    <property name="file.encoding" value="UTF-8"/>
    <property name="java.vm.name" value="OpenJDK 64-Bit Server VM"/>
    <property name="localRepository" value="/home/gpanico/.m2/repository"/>
    <property name="java.vendor.url.bug" value="Unknown"/>
    <property name="java.io.tmpdir" value="/tmp"/>
    <property name="java.version" value="20.0.1"/>
    <property name="user.dir" value="/home/gpanico/JavaPiscine/RUSH_00/Game"/>
    <property name="os.arch" value="amd64"/>
    <property name="java.vm.specification.name" value="Java Virtual Machine Specification"/>
    <property name="native.encoding" value="UTF-8"/>
    <property name="java.library.path" value="/usr/java/packages/lib:/usr/lib/x86_64-linux-gnu/jni:/lib/x86_64-linux-gnu:/usr/lib/x86_64-linux-gnu:/usr/lib/jni:/lib:/usr/lib"/>
    <property name="java.vm.info" value="mixed mode, sharing"/>
    <property name="stderr.encoding" value="UTF-8"/>
    <property name="java.vendor" value="Private Build"/>
    <property name="java.vm.version" value="20.0.1+9-Ubuntu-0ubuntu122.10"/>
    <property name="sun.io.unicode.encoding" value="UnicodeLittle"/>
    <property name="java.class.version" value="64.0"/>
  </properties>
  <testcase name="testFindByType" classname="edu.Roma42.repositories.TilesRepositoryImplTest" time="0.036"/>
</testsuite>