<?xml version="1.0" encoding="UTF-8"?>
<testsuite xmlns:xsi="http://www.w3.org/2001/XMLSchema-instance" xsi:noNamespaceSchemaLocation="https://maven.apache.org/surefire/maven-surefire-plugin/xsd/surefire-test-report.xsd" name="edu.Roma42.numbers.NumberWorkerTest" time="0.205" tests="22" errors="0" skipped="0" failures="0">
  <properties>
    <property name="java.specification.version" value="20"/>
    <property name="sun.jnu.encoding" value="UTF-8"/>
    <property name="java.class.path" value="/home/gpanico/JavaPiscine/JAVA_06/ex02/Tests/target/test-classes:/home/gpanico/JavaPiscine/JAVA_06/ex02/Tests/target/classes:/home/gpanico/.m2/repository/junit/junit/4.11/junit-4.11.jar:/home/gpanico/.m2/repository/org/hamcrest/hamcrest-core/1.3/hamcrest-core-1.3.jar:/home/gpanico/.m2/repository/org/junit/jupiter/junit-jupiter-engine/5.10.0-RC1/junit-jupiter-engine-5.10.0-RC1.jar:/home/gpanico/.m2/repository/org/junit/platform/junit-platform-engine/1.10.0-RC1/junit-platform-engine-1.10.0-RC1.jar:/home/gpanico/.m2/repository/org/apiguardian/apiguardian-api/1.1.2/apiguardian-api-1.1.2.jar:/home/gpanico/.m2/repository/org/junit/jupiter/junit-jupiter-params/5.10.0-RC1/junit-jupiter-params-5.10.0-RC1.jar:/home/gpanico/.m2/repository/org/junit/jupiter/junit-jupiter-api/5.10.0-RC1/junit-jupiter-api-5.10.0-RC1.jar:/home/gpanico/.m2/repository/org/opentest4j/opentest4j/1.3.0/opentest4j-1.3.0.jar:/home/gpanico/.m2/repository/org/junit/platform/junit-platform-commons/1.10.0-RC1/junit-platform-commons-1.10.0-RC1.jar:/home/gpanico/.m2/repository/org/hsqldb/hsqldb/2.7.2/hsqldb-2.7.2.jar:/home/gpanico/.m2/repository/org/springframework/spring-jdbc/6.0.11/spring-jdbc-6.0.11.jar:/home/gpanico/.m2/repository/org/springframework/spring-beans/6.0.11/spring-beans-6.0.11.jar:/home/gpanico/.m2/repository/org/springframework/spring-core/6.0.11/spring-core-6.0.11.jar:/home/gpanico/.m2/repository/org/springframework/spring-jcl/6.0.11/spring-jcl-6.0.11.jar:/home/gpanico/.m2/repository/org/springframework/spring-tx/6.0.11/spring-tx-6.0.11.jar:"/>
    <property name="java.vm.vendor" value="Private Build"/>
    <property name="sun.arch.data.model" value="64"/>
    <property name="java.vendor.url" value="Unknown"/>
    <property name="os.name" value="Linux"/>
    <property name="java.vm.specification.version" value="20"/>
    <property name="sun.java.launcher" value="SUN_STANDARD"/>
    <property name="user.country" value="US"/>
    <property name="sun.boot.library.path" value="/usr/lib/jvm/java-20-openjdk-amd64/lib"/>
    <property name="sun.java.command" value="/home/gpanico/JavaPiscine/JAVA_06/ex02/Tests/target/surefire/surefirebooter15475963184076418442.jar /home/gpanico/JavaPiscine/JAVA_06/ex02/Tests/target/surefire 2023-07-21T17-22-14_848-jvmRun1 surefire16337905217786032132tmp surefire_03812231355159822708tmp"/>
    <property name="jdk.debug" value="release"/>
    <property name="surefire.test.class.path" value="/home/gpanico/JavaPiscine/JAVA_06/ex02/Tests/target/test-classes:/home/gpanico/JavaPiscine/JAVA_06/ex02/Tests/target/classes:/home/gpanico/.m2/repository/junit/junit/4.11/junit-4.11.jar:/home/gpanico/.m2/repository/org/hamcrest/hamcrest-core/1.3/hamcrest-core-1.3.jar:/home/gpanico/.m2/repository/org/junit/jupiter/junit-jupiter-engine/5.10.0-RC1/junit-jupiter-engine-5.10.0-RC1.jar:/home/gpanico/.m2/repository/org/junit/platform/junit-platform-engine/1.10.0-RC1/junit-platform-engine-1.10.0-RC1.jar:/home/gpanico/.m2/repository/org/apiguardian/apiguardian-api/1.1.2/apiguardian-api-1.1.2.jar:/home/gpanico/.m2/repository/org/junit/jupiter/junit-jupiter-params/5.10.0-RC1/junit-jupiter-params-5.10.0-RC1.jar:/home/gpanico/.m2/repository/org/junit/jupiter/junit-jupiter-api/5.10.0-RC1/junit-jupiter-api-5.10.0-RC1.jar:/home/gpanico/.m2/repository/org/opentest4j/opentest4j/1.3.0/opentest4j-1.3.0.jar:/home/gpanico/.m2/repository/org/junit/platform/junit-platform-commons/1.10.0-RC1/junit-platform-commons-1.10.0-RC1.jar:/home/gpanico/.m2/repository/org/hsqldb/hsqldb/2.7.2/hsqldb-2.7.2.jar:/home/gpanico/.m2/repository/org/springframework/spring-jdbc/6.0.11/spring-jdbc-6.0.11.jar:/home/gpanico/.m2/repository/org/springframework/spring-beans/6.0.11/spring-beans-6.0.11.jar:/home/gpanico/.m2/repository/org/springframework/spring-core/6.0.11/spring-core-6.0.11.jar:/home/gpanico/.m2/repository/org/springframework/spring-jcl/6.0.11/spring-jcl-6.0.11.jar:/home/gpanico/.m2/repository/org/springframework/spring-tx/6.0.11/spring-tx-6.0.11.jar:"/>
    <property name="sun.cpu.endian" value="little"/>
    <property name="user.home" value="/home/gpanico"/>
    <property name="user.language" value="en"/>
    <property name="java.specification.vendor" value="Oracle Corporation"/>
    <property name="java.version.date" value="2023-04-18"/>
    <property name="java.home" value="/usr/lib/jvm/java-20-openjdk-amd64"/>
    <property name="file.separator" value="/"/>
    <property name="basedir" value="/home/gpanico/JavaPiscine/JAVA_06/ex02/Tests"/>
    <property name="java.vm.compressedOopsMode" value="32-bit"/>
    <property name="line.separator" value="&#10;"/>
    <property name="java.specification.name" value="Java Platform API Specification"/>
    <property name="java.vm.specification.vendor" value="Oracle Corporation"/>
    <property name="surefire.real.class.path" value="/home/gpanico/JavaPiscine/JAVA_06/ex02/Tests/target/surefire/surefirebooter15475963184076418442.jar"/>
    <property name="sun.management.compiler" value="HotSpot 64-Bit Tiered Compilers"/>
    <property name="java.runtime.version" value="20.0.1+9-Ubuntu-0ubuntu122.10"/>
    <property name="user.name" value="gpanico"/>
    <property name="stdout.encoding" value="UTF-8"/>
    <property name="path.separator" value=":"/>
    <property name="os.version" value="5.19.0-38-generic"/>
    <property name="java.runtime.name" value="OpenJDK Runtime Environment"/>
    <property name="file.encoding" value="UTF-8"/>
    <property name="java.vm.name" value="OpenJDK 64-Bit Server VM"/>
    <property name="localRepository" value="/home/gpanico/.m2/repository"/>
    <property name="java.vendor.url.bug" value="Unknown"/>
    <property name="java.io.tmpdir" value="/tmp"/>
    <property name="java.version" value="20.0.1"/>
    <property name="user.dir" value="/home/gpanico/JavaPiscine/JAVA_06/ex02/Tests"/>
    <property name="os.arch" value="amd64"/>
    <property name="java.vm.specification.name" value="Java Virtual Machine Specification"/>
    <property name="native.encoding" value="UTF-8"/>
    <property name="java.library.path" value="/usr/java/packages/lib:/usr/lib/x86_64-linux-gnu/jni:/lib/x86_64-linux-gnu:/usr/lib/x86_64-linux-gnu:/usr/lib/jni:/lib:/usr/lib"/>
    <property name="java.vm.info" value="mixed mode, sharing"/>
    <property name="stderr.encoding" value="UTF-8"/>
    <property name="java.vendor" value="Private Build"/>
    <property name="java.vm.version" value="20.0.1+9-Ubuntu-0ubuntu122.10"/>
    <property name="sun.io.unicode.encoding" value="UnicodeLittle"/>
    <property name="java.class.version" value="64.0"/>
  </properties>
  <testcase name="isPrimeForNotPrimes{int}[1]" classname="edu.Roma42.numbers.NumberWorkerTest" time="0.044"/>
  <testcase name="isPrimeForNotPrimes{int}[2]" classname="edu.Roma42.numbers.NumberWorkerTest" time="0.002"/>
  <testcase name="isPrimeForNotPrimes{int}[3]" classname="edu.Roma42.numbers.NumberWorkerTest" time="0.002"/>
  <testcase name="isPrimeForNotPrimes{int}[4]" classname="edu.Roma42.numbers.NumberWorkerTest" time="0.002"/>
  <testcase name="checkDigitsSum{int, int}[1]" classname="edu.Roma42.numbers.NumberWorkerTest" time="0.005"/>
  <testcase name="checkDigitsSum{int, int}[2]" classname="edu.Roma42.numbers.NumberWorkerTest" time="0.002"/>
  <testcase name="checkDigitsSum{int, int}[3]" classname="edu.Roma42.numbers.NumberWorkerTest" time="0.001"/>
  <testcase name="checkDigitsSum{int, int}[4]" classname="edu.Roma42.numbers.NumberWorkerTest" time="0.001"/>
  <testcase name="checkDigitsSum{int, int}[5]" classname="edu.Roma42.numbers.NumberWorkerTest" time="0.001"/>
  <testcase name="checkDigitsSum{int, int}[6]" classname="edu.Roma42.numbers.NumberWorkerTest" time="0.001"/>
  <testcase name="checkDigitsSum{int, int}[7]" classname="edu.Roma42.numbers.NumberWorkerTest" time="0.001"/>
  <testcase name="checkDigitsSum{int, int}[8]" classname="edu.Roma42.numbers.NumberWorkerTest" time="0.001"/>
  <testcase name="checkDigitsSum{int, int}[9]" classname="edu.Roma42.numbers.NumberWorkerTest" time="0.001"/>
  <testcase name="checkDigitsSum{int, int}[10]" classname="edu.Roma42.numbers.NumberWorkerTest" time="0.001"/>
  <testcase name="isPrimeForPrimes{int}[1]" classname="edu.Roma42.numbers.NumberWorkerTest" time="0.002"/>
  <testcase name="isPrimeForPrimes{int}[2]" classname="edu.Roma42.numbers.NumberWorkerTest" time="0.001"/>
  <testcase name="isPrimeForPrimes{int}[3]" classname="edu.Roma42.numbers.NumberWorkerTest" time="0.001"/>
  <testcase name="isPrimeForPrimes{int}[4]" classname="edu.Roma42.numbers.NumberWorkerTest" time="0.001"/>
  <testcase name="isPrimeForIncorrectNumbers{int}[1]" classname="edu.Roma42.numbers.NumberWorkerTest" time="0.002"/>
  <testcase name="isPrimeForIncorrectNumbers{int}[2]" classname="edu.Roma42.numbers.NumberWorkerTest" time="0.001"/>
  <testcase name="isPrimeForIncorrectNumbers{int}[3]" classname="edu.Roma42.numbers.NumberWorkerTest" time="0.001"/>
  <testcase name="isPrimeForIncorrectNumbers{int}[4]" classname="edu.Roma42.numbers.NumberWorkerTest" time="0.001"/>
</testsuite>